<?xml version="1.0" encoding="UTF-8"?>
<testsuite xmlns:xsi="http://www.w3.org/2001/XMLSchema-instance" xsi:noNamespaceSchemaLocation="https://maven.apache.org/surefire/maven-surefire-plugin/xsd/surefire-test-report.xsd" name="pl.training.shop.payments.FakePaymentServiceTest" time="0.679" tests="5" errors="0" skipped="0" failures="0">
  <properties>
[...]
</properties>
  <testcase name="shouldAssignMoneyFromPaymentRequestToCreatedPayment" classname="pl.training.shop.payments.FakePaymentServiceTest" time="0.586"/>
  <testcase name="shouldAssignPaymentStatusAsStartedToCreatedPayment" classname="pl.training.shop.payments.FakePaymentServiceTest" time="0.004"/>
  <testcase name="shouldSaveCreatedPayment" classname="pl.training.shop.payments.FakePaymentServiceTest" time="0.013"/>
  <testcase name="shouldAssignGeneratedIdToCreatedPayment" classname="pl.training.shop.payments.FakePaymentServiceTest" time="0.003"/>
  <testcase name="shouldAssignTimestampToCreatedPayment" classname="pl.training.shop.payments.FakePaymentServiceTest" time="0.004"/>
</testsuite>